Release 14.7 Map P.20131013 (nt64)
Xilinx Mapping Report File for Design 'MBO_53_top'

Design Information
------------------
Command Line   : map -intstyle ise -p xc3s500e-fg320-5 -cm area -ir off -pr off
-c 100 -o MBO_53_top_map.ncd MBO_53_top.ngd MBO_53_top.pcf 
Target Device  : xc3s500e
Target Package : fg320
Target Speed   : -5
Mapper Version : spartan3e -- $Revision: 1.55 $
Mapped Date    : Sun Jan 09 22:05:52 2022

Design Summary
--------------
Number of errors:      0
Number of warnings:    5
Logic Utilization:
  Number of Slice Flip Flops:         2,687 out of   9,312   28%
  Number of 4 input LUTs:             2,703 out of   9,312   29%
Logic Distribution:
  Number of occupied Slices:          1,884 out of   4,656   40%
    Number of Slices containing only related logic:   1,884 out of   1,884 100%
    Number of Slices containing unrelated logic:          0 out of   1,884   0%
      *See NOTES below for an explanation of the effects of unrelated logic.
  Total Number of 4 input LUTs:       2,878 out of   9,312   30%
    Number used as logic:             2,681
    Number used as a route-thru:        175
    Number used as Shift registers:      22

  The Slice Logic Distribution report is not meaningful if the design is
  over-mapped for a non-slice resource or if Placement fails.

  Number of bonded IOBs:                 28 out of     232   12%
    IOB Flip Flops:                       6
  Number of RAMB16s:                      3 out of      20   15%
  Number of BUFGMUXs:                     7 out of      24   29%
  Number of DCMs:                         2 out of       4   50%

Average Fanout of Non-Clock Nets:                3.16

Peak Memory Usage:  4451 MB
Total REAL time to MAP completion:  3 secs 
Total CPU time to MAP completion:   3 secs 

NOTES:

   Related logic is defined as being logic that shares connectivity - e.g. two
   LUTs are "related" if they share common inputs.  When assembling slices,
   Map gives priority to combine logic that is related.  Doing so results in
   the best timing performance.

   Unrelated logic shares no connectivity.  Map will only begin packing
   unrelated logic into a slice once 99% of the slices are occupied through
   related logic packing.

   Note that once logic distribution reaches the 99% level through related
   logic packing, this does not mean the device is completely utilized.
   Unrelated logic packing will then begin, continuing until all usable LUTs
   and FFs are occupied.  Depending on your timing budget, increased levels of
   unrelated logic packing may adversely affect the overall timing performance
   of your design.

Table of Contents
-----------------
Section 1 - Errors
Section 2 - Warnings
Section 3 - Informational
Section 4 - Removed Logic Summary
Section 5 - Removed Logic
Section 6 - IOB Properties
Section 7 - RPMs
Section 8 - Guide Report
Section 9 - Area Group and Partition Summary
Section 10 - Timing Report
Section 11 - Configuration String Information
Section 12 - Control Set Information
Section 13 - Utilization by Hierarchy

Section 1 - Errors
------------------

Section 2 - Warnings
--------------------
WARNING:MapLib:701 - Signal adc_01_sdo connected to top level port adc_01_sdo
   has been removed.
WARNING:MapLib:701 - Signal adc_02_sdo connected to top level port adc_02_sdo
   has been removed.
WARNING:MapLib:701 - Signal adc_01_sck connected to top level port adc_01_sck
   has been removed.
WARNING:MapLib:701 - Signal adc_02_sck connected to top level port adc_02_sck
   has been removed.
WARNING:PhysDesignRules:367 - The signal <e_rx_er_IBUF> is incomplete. The
   signal does not drive any load pins in the design.

Section 3 - Informational
-------------------------
INFO:Map:113 - input buffer 'e_rx_d_3_IBUF' driving design level port
   'e_rx_d(3)' is being pushed into module 'ethernet/fte' to enable I/O register
   usage. The buffer has been renamed as 'ethernet/fte/e_rx_d_3_IBUF'.
INFO:Map:113 - input buffer 'e_rx_d_2_IBUF' driving design level port
   'e_rx_d(2)' is being pushed into module 'ethernet/fte' to enable I/O register
   usage. The buffer has been renamed as 'ethernet/fte/e_rx_d_2_IBUF'.
INFO:Map:113 - input buffer 'e_rx_d_1_IBUF' driving design level port
   'e_rx_d(1)' is being pushed into module 'ethernet/fte' to enable I/O register
   usage. The buffer has been renamed as 'ethernet/fte/e_rx_d_1_IBUF'.
INFO:Map:113 - input buffer 'e_rx_d_0_IBUF' driving design level port
   'e_rx_d(0)' is being pushed into module 'ethernet/fte' to enable I/O register
   usage. The buffer has been renamed as 'ethernet/fte/e_rx_d_0_IBUF'.
INFO:Map:113 - input buffer 'e_rx_dv_IBUF' driving design level port 'e_rx_dv'
   is being pushed into module 'ethernet/fte' to enable I/O register usage. The
   buffer has been renamed as 'ethernet/fte/e_rx_dv_IBUF'.
INFO:Map:110 - output buffer 'e_tx_d_3_OBUF' driving design level port
   'e_tx_d(3)' is being pushed into module 'ethernet' to enable I/O register
   usage. The buffer has been renamed as 'ethernet/e_tx_d_3_OBUF'.
INFO:Map:110 - output buffer 'e_tx_d_2_OBUF' driving design level port
   'e_tx_d(2)' is being pushed into module 'ethernet' to enable I/O register
   usage. The buffer has been renamed as 'ethernet/e_tx_d_2_OBUF'.
INFO:Map:110 - output buffer 'e_tx_d_1_OBUF' driving design level port
   'e_tx_d(1)' is being pushed into module 'ethernet' to enable I/O register
   usage. The buffer has been renamed as 'ethernet/e_tx_d_1_OBUF'.
INFO:Map:110 - output buffer 'e_tx_d_0_OBUF' driving design level port
   'e_tx_d(0)' is being pushed into module 'ethernet' to enable I/O register
   usage. The buffer has been renamed as 'ethernet/e_tx_d_0_OBUF'.
INFO:Map:110 - output buffer 'e_tx_en_OBUF' driving design level port 'e_tx_en'
   is being pushed into module 'ethernet' to enable I/O register usage. The
   buffer has been renamed as 'ethernet/e_tx_en_OBUF'.
INFO:LIT:243 - Logical network adc_01_sdo_bf has no load.
INFO:LIT:395 - The above info message is repeated 50 more times for the
   following (max. 5 shown):
   adc_02_sdo_bf,
   rd_data_count_01(7),
   rd_data_count_01(6),
   rd_data_count_01(5),
   rd_data_count_01(4)
   To see the details of these info messages, please use the -detail switch.
INFO:MapLib:562 - No environment variables are currently set.
INFO:MapLib:159 - Net Timing constraints on signal CLKIN_IN are pushed forward
   through input buffer.
INFO:MapLib:159 - Net Timing constraints on signal e_tx_clk are pushed forward
   through input buffer.
INFO:MapLib:159 - Net Timing constraints on signal e_rx_clk are pushed forward
   through input buffer.
INFO:LIT:244 - All of the single ended outputs in this design are using slew
   rate limited output drivers. The delay on speed critical single ended outputs
   can be dramatically reduced by designating them as fast outputs.

Section 4 - Removed Logic Summary
---------------------------------
 139 block(s) removed
  34 block(s) optimized away
 151 signal(s) removed

Section 5 - Removed Logic
-------------------------

The trimmed logic report below shows the logic removed from your design due to
sourceless or loadless signals, and VCC or ground connections.  If the removal
of a signal or symbol results in the subsequent removal of an additional signal
or symbol, the message explaining that second removal will be indented.  This
indentation will be repeated as a chain of related logic is removed.

To quickly locate the original cause for the removal of a chain of logic, look
above the place where that logic is listed in the trimming report, then locate
the lines that are least indented (begin at the leftmost edge).

The signal "adc_01_sdo_bf" is loadless and has been removed.
 Loadless block "bf3" (CKBUF) removed.
  The signal "adc_01_sdo" is loadless and has been removed.
   Loadless block "adc_01_sdo" (PAD) removed.
The signal "adc_02_sdo_bf" is loadless and has been removed.
 Loadless block "bf4" (CKBUF) removed.
  The signal "adc_02_sdo" is loadless and has been removed.
   Loadless block "adc_02_sdo" (PAD) removed.
The signal "rd_data_count_01(7)" is loadless and has been removed.
 Loadless block
"fifo_input_acp1/U0/xst_fifo_generator/gconvfifo.rf/grf.rf/gntv_or_sync_fifo.gl0
.rd/gras.grdc1.rdc/rd_dc_i_7" (FF) removed.
  The signal
"fifo_input_acp1/U0/xst_fifo_generator/gconvfifo.rf/grf.rf/gntv_or_sync_fifo.gl0
.rd/gras.grdc1.rdc/rd_dc_i_sub0000<7>" is loadless and has been removed.
   Loadless block
"fifo_input_acp1/U0/xst_fifo_generator/gconvfifo.rf/grf.rf/gntv_or_sync_fifo.gl0
.rd/gras.grdc1.rdc/Msub_rd_dc_i_sub0000_xor<7>" (XOR) removed.
The signal "rd_data_count_01(6)" is loadless and has been removed.
 Loadless block
"fifo_input_acp1/U0/xst_fifo_generator/gconvfifo.rf/grf.rf/gntv_or_sync_fifo.gl0
.rd/gras.grdc1.rdc/rd_dc_i_6" (FF) removed.
  The signal
"fifo_input_acp1/U0/xst_fifo_generator/gconvfifo.rf/grf.rf/gntv_or_sync_fifo.gl0
.rd/gras.grdc1.rdc/rd_dc_i_sub0000<6>" is loadless and has been removed.
   Loadless block
"fifo_input_acp1/U0/xst_fifo_generator/gconvfifo.rf/grf.rf/gntv_or_sync_fifo.gl0
.rd/gras.grdc1.rdc/Msub_rd_dc_i_sub0000_xor<6>" (XOR) removed.
The signal "rd_data_count_01(5)" is loadless and has been removed.
 Loadless block
"fifo_input_acp1/U0/xst_fifo_generator/gconvfifo.rf/grf.rf/gntv_or_sync_fifo.gl0
.rd/gras.grdc1.rdc/rd_dc_i_5" (FF) removed.
  The signal
"fifo_input_acp1/U0/xst_fifo_generator/gconvfifo.rf/grf.rf/gntv_or_sync_fifo.gl0
.rd/gras.grdc1.rdc/rd_dc_i_sub0000<5>" is loadless and has been removed.
   Loadless block
"fifo_input_acp1/U0/xst_fifo_generator/gconvfifo.rf/grf.rf/gntv_or_sync_fifo.gl0
.rd/gras.grdc1.rdc/Msub_rd_dc_i_sub0000_xor<5>" (XOR) removed.
The signal "rd_data_count_01(4)" is loadless and has been removed.
 Loadless block
"fifo_input_acp1/U0/xst_fifo_generator/gconvfifo.rf/grf.rf/gntv_or_sync_fifo.gl0
.rd/gras.grdc1.rdc/rd_dc_i_4" (FF) removed.
  The signal
"fifo_input_acp1/U0/xst_fifo_generator/gconvfifo.rf/grf.rf/gntv_or_sync_fifo.gl0
.rd/gras.grdc1.rdc/rd_dc_i_sub0000<4>" is loadless and has been removed.
   Loadless block
"fifo_input_acp1/U0/xst_fifo_generator/gconvfifo.rf/grf.rf/gntv_or_sync_fifo.gl0
.rd/gras.grdc1.rdc/Msub_rd_dc_i_sub0000_xor<4>" (XOR) removed.
The signal "rd_data_count_01(3)" is loadless and has been removed.
 Loadless block
"fifo_input_acp1/U0/xst_fifo_generator/gconvfifo.rf/grf.rf/gntv_or_sync_fifo.gl0
.rd/gras.grdc1.rdc/rd_dc_i_3" (FF) removed.
  The signal
"fifo_input_acp1/U0/xst_fifo_generator/gconvfifo.rf/grf.rf/gntv_or_sync_fifo.gl0
.rd/gras.grdc1.rdc/rd_dc_i_sub0000<3>" is loadless and has been removed.
   Loadless block
"fifo_input_acp1/U0/xst_fifo_generator/gconvfifo.rf/grf.rf/gntv_or_sync_fifo.gl0
.rd/gras.grdc1.rdc/Msub_rd_dc_i_sub0000_xor<3>" (XOR) removed.
The signal "rd_data_count_01(2)" is loadless and has been removed.
 Loadless block
"fifo_input_acp1/U0/xst_fifo_generator/gconvfifo.rf/grf.rf/gntv_or_sync_fifo.gl0
.rd/gras.grdc1.rdc/rd_dc_i_2" (FF) removed.
  The signal
"fifo_input_acp1/U0/xst_fifo_generator/gconvfifo.rf/grf.rf/gntv_or_sync_fifo.gl0
.rd/gras.grdc1.rdc/rd_dc_i_sub0000<2>" is loadless and has been removed.
   Loadless block
"fifo_input_acp1/U0/xst_fifo_generator/gconvfifo.rf/grf.rf/gntv_or_sync_fifo.gl0
.rd/gras.grdc1.rdc/Msub_rd_dc_i_sub0000_xor<2>" (XOR) removed.
The signal "rd_data_count_01(1)" is loadless and has been removed.
 Loadless block
"fifo_input_acp1/U0/xst_fifo_generator/gconvfifo.rf/grf.rf/gntv_or_sync_fifo.gl0
.rd/gras.grdc1.rdc/rd_dc_i_1" (FF) removed.
  The signal
"fifo_input_acp1/U0/xst_fifo_generator/gconvfifo.rf/grf.rf/gntv_or_sync_fifo.gl0
.rd/gras.grdc1.rdc/rd_dc_i_sub0000<1>" is loadless and has been removed.
   Loadless block
"fifo_input_acp1/U0/xst_fifo_generator/gconvfifo.rf/grf.rf/gntv_or_sync_fifo.gl0
.rd/gras.grdc1.rdc/Msub_rd_dc_i_sub0000_xor<1>" (XOR) removed.
The signal "rd_data_count_01(0)" is loadless and has been removed.
 Loadless block
"fifo_input_acp1/U0/xst_fifo_generator/gconvfifo.rf/grf.rf/gntv_or_sync_fifo.gl0
.rd/gras.grdc1.rdc/rd_dc_i_0" (FF) removed.
  The signal
"fifo_input_acp1/U0/xst_fifo_generator/gconvfifo.rf/grf.rf/gntv_or_sync_fifo.gl0
.rd/gras.grdc1.rdc/rd_dc_i_sub0000<0>" is loadless and has been removed.
   Loadless block
"fifo_input_acp1/U0/xst_fifo_generator/gconvfifo.rf/grf.rf/gntv_or_sync_fifo.gl0
.rd/gras.grdc1.rdc/Msub_rd_dc_i_sub0000_xor<0>" (XOR) removed.
The signal "wr_data_count_01(8)" is loadless and has been removed.
 Loadless block
"fifo_input_acp1/U0/xst_fifo_generator/gconvfifo.rf/grf.rf/gntv_or_sync_fifo.gl0
.wr/gwas.gwdc0.wdc/wr_data_count_i_8" (FF) removed.
  The signal
"fifo_input_acp1/U0/xst_fifo_generator/gconvfifo.rf/grf.rf/gntv_or_sync_fifo.gl0
.wr/gwas.gwdc0.wdc/wr_data_count_i_sub0000<8>" is loadless and has been removed.
   Loadless block
"fifo_input_acp1/U0/xst_fifo_generator/gconvfifo.rf/grf.rf/gntv_or_sync_fifo.gl0
.wr/gwas.gwdc0.wdc/Msub_wr_data_count_i_sub0000_xor<8>" (XOR) removed.
    The signal
"fifo_input_acp1/U0/xst_fifo_generator/gconvfifo.rf/grf.rf/gntv_or_sync_fifo.gl0
.wr/gwas.gwdc0.wdc/Msub_wr_data_count_i_sub0000_cy<7>" is loadless and has been
removed.
     Loadless block
"fifo_input_acp1/U0/xst_fifo_generator/gconvfifo.rf/grf.rf/gntv_or_sync_fifo.gl0
.wr/gwas.gwdc0.wdc/Msub_wr_data_count_i_sub0000_cy<7>" (MUX) removed.
      The signal
"fifo_input_acp1/U0/xst_fifo_generator/gconvfifo.rf/grf.rf/gntv_or_sync_fifo.gl0
.wr/gwas.gwdc0.wdc/Msub_wr_data_count_i_sub0000_cy<6>" is loadless and has been
removed.
       Loadless block
"fifo_input_acp1/U0/xst_fifo_generator/gconvfifo.rf/grf.rf/gntv_or_sync_fifo.gl0
.wr/gwas.gwdc0.wdc/Msub_wr_data_count_i_sub0000_cy<6>" (MUX) removed.
        The signal
"fifo_input_acp1/U0/xst_fifo_generator/gconvfifo.rf/grf.rf/gntv_or_sync_fifo.gl0
.wr/gwas.gwdc0.wdc/Msub_wr_data_count_i_sub0000_cy<5>" is loadless and has been
removed.
         Loadless block
"fifo_input_acp1/U0/xst_fifo_generator/gconvfifo.rf/grf.rf/gntv_or_sync_fifo.gl0
.wr/gwas.gwdc0.wdc/Msub_wr_data_count_i_sub0000_cy<5>" (MUX) removed.
          The signal
"fifo_input_acp1/U0/xst_fifo_generator/gconvfifo.rf/grf.rf/gntv_or_sync_fifo.gl0
.wr/gwas.gwdc0.wdc/Msub_wr_data_count_i_sub0000_cy<4>" is loadless and has been
removed.
           Loadless block
"fifo_input_acp1/U0/xst_fifo_generator/gconvfifo.rf/grf.rf/gntv_or_sync_fifo.gl0
.wr/gwas.gwdc0.wdc/Msub_wr_data_count_i_sub0000_cy<4>" (MUX) removed.
            The signal
"fifo_input_acp1/U0/xst_fifo_generator/gconvfifo.rf/grf.rf/gntv_or_sync_fifo.gl0
.wr/gwas.gwdc0.wdc/Msub_wr_data_count_i_sub0000_cy<3>" is loadless and has been
removed.
             Loadless block
"fifo_input_acp1/U0/xst_fifo_generator/gconvfifo.rf/grf.rf/gntv_or_sync_fifo.gl0
.wr/gwas.gwdc0.wdc/Msub_wr_data_count_i_sub0000_cy<3>" (MUX) removed.
              The signal
"fifo_input_acp1/U0/xst_fifo_generator/gconvfifo.rf/grf.rf/gntv_or_sync_fifo.gl0
.wr/gwas.gwdc0.wdc/Msub_wr_data_count_i_sub0000_cy<2>" is loadless and has been
removed.
               Loadless block
"fifo_input_acp1/U0/xst_fifo_generator/gconvfifo.rf/grf.rf/gntv_or_sync_fifo.gl0
.wr/gwas.gwdc0.wdc/Msub_wr_data_count_i_sub0000_cy<2>" (MUX) removed.
                The signal
"fifo_input_acp1/U0/xst_fifo_generator/gconvfifo.rf/grf.rf/gntv_or_sync_fifo.gl0
.wr/gwas.gwdc0.wdc/Msub_wr_data_count_i_sub0000_cy<1>" is loadless and has been
removed.
                 Loadless block
"fifo_input_acp1/U0/xst_fifo_generator/gconvfifo.rf/grf.rf/gntv_or_sync_fifo.gl0
.wr/gwas.gwdc0.wdc/Msub_wr_data_count_i_sub0000_cy<1>" (MUX) removed.
                  The signal
"fifo_input_acp1/U0/xst_fifo_generator/gconvfifo.rf/grf.rf/gntv_or_sync_fifo.gl0
.wr/gwas.gwdc0.wdc/Msub_wr_data_count_i_sub0000_cy<0>" is loadless and has been
removed.
                   Loadless block
"fifo_input_acp1/U0/xst_fifo_generator/gconvfifo.rf/grf.rf/gntv_or_sync_fifo.gl0
.wr/gwas.gwdc0.wdc/Msub_wr_data_count_i_sub0000_cy<0>" (MUX) removed.
                    The signal
"fifo_input_acp1/U0/xst_fifo_generator/gconvfifo.rf/grf.rf/gntv_or_sync_fifo.gl0
.wr/gwas.gwdc0.wdc/Msub_wr_data_count_i_sub0000_lut<0>" is loadless and has been
removed.
                     Loadless block
"fifo_input_acp1/U0/xst_fifo_generator/gconvfifo.rf/grf.rf/gntv_or_sync_fifo.gl0
.wr/gwas.gwdc0.wdc/Msub_wr_data_count_i_sub0000_lut<0>" (ROM) removed.
                  The signal
"fifo_input_acp1/U0/xst_fifo_generator/gconvfifo.rf/grf.rf/gntv_or_sync_fifo.gl0
.wr/gwas.gwdc0.wdc/Msub_wr_data_count_i_sub0000_lut<1>" is loadless and has been
removed.
                   Loadless block
"fifo_input_acp1/U0/xst_fifo_generator/gconvfifo.rf/grf.rf/gntv_or_sync_fifo.gl0
.wr/gwas.gwdc0.wdc/Msub_wr_data_count_i_sub0000_lut<1>" (ROM) removed.
                The signal
"fifo_input_acp1/U0/xst_fifo_generator/gconvfifo.rf/grf.rf/gntv_or_sync_fifo.gl0
.wr/gwas.gwdc0.wdc/Msub_wr_data_count_i_sub0000_lut<2>" is loadless and has been
removed.
                 Loadless block
"fifo_input_acp1/U0/xst_fifo_generator/gconvfifo.rf/grf.rf/gntv_or_sync_fifo.gl0
.wr/gwas.gwdc0.wdc/Msub_wr_data_count_i_sub0000_lut<2>" (ROM) removed.
              The signal
"fifo_input_acp1/U0/xst_fifo_generator/gconvfifo.rf/grf.rf/gntv_or_sync_fifo.gl0
.wr/gwas.gwdc0.wdc/Msub_wr_data_count_i_sub0000_lut<3>" is loadless and has been
removed.
               Loadless block
"fifo_input_acp1/U0/xst_fifo_generator/gconvfifo.rf/grf.rf/gntv_or_sync_fifo.gl0
.wr/gwas.gwdc0.wdc/Msub_wr_data_count_i_sub0000_lut<3>" (ROM) removed.
            The signal
"fifo_input_acp1/U0/xst_fifo_generator/gconvfifo.rf/grf.rf/gntv_or_sync_fifo.gl0
.wr/gwas.gwdc0.wdc/Msub_wr_data_count_i_sub0000_lut<4>" is loadless and has been
removed.
             Loadless block
"fifo_input_acp1/U0/xst_fifo_generator/gconvfifo.rf/grf.rf/gntv_or_sync_fifo.gl0
.wr/gwas.gwdc0.wdc/Msub_wr_data_count_i_sub0000_lut<4>" (ROM) removed.
          The signal
"fifo_input_acp1/U0/xst_fifo_generator/gconvfifo.rf/grf.rf/gntv_or_sync_fifo.gl0
.wr/gwas.gwdc0.wdc/Msub_wr_data_count_i_sub0000_lut<5>" is loadless and has been
removed.
           Loadless block
"fifo_input_acp1/U0/xst_fifo_generator/gconvfifo.rf/grf.rf/gntv_or_sync_fifo.gl0
.wr/gwas.gwdc0.wdc/Msub_wr_data_count_i_sub0000_lut<5>" (ROM) removed.
        The signal
"fifo_input_acp1/U0/xst_fifo_generator/gconvfifo.rf/grf.rf/gntv_or_sync_fifo.gl0
.wr/gwas.gwdc0.wdc/Msub_wr_data_count_i_sub0000_lut<6>" is loadless and has been
removed.
         Loadless block
"fifo_input_acp1/U0/xst_fifo_generator/gconvfifo.rf/grf.rf/gntv_or_sync_fifo.gl0
.wr/gwas.gwdc0.wdc/Msub_wr_data_count_i_sub0000_lut<6>" (ROM) removed.
      The signal
"fifo_input_acp1/U0/xst_fifo_generator/gconvfifo.rf/grf.rf/gntv_or_sync_fifo.gl0
.wr/gwas.gwdc0.wdc/Msub_wr_data_count_i_sub0000_lut<7>" is loadless and has been
removed.
       Loadless block
"fifo_input_acp1/U0/xst_fifo_generator/gconvfifo.rf/grf.rf/gntv_or_sync_fifo.gl0
.wr/gwas.gwdc0.wdc/Msub_wr_data_count_i_sub0000_lut<7>" (ROM) removed.
    The signal
"fifo_input_acp1/U0/xst_fifo_generator/gconvfifo.rf/grf.rf/gntv_or_sync_fifo.gl0
.wr/gwas.gwdc0.wdc/Msub_wr_data_count_i_sub0000_lut<8>" is loadless and has been
removed.
     Loadless block
"fifo_input_acp1/U0/xst_fifo_generator/gconvfifo.rf/grf.rf/gntv_or_sync_fifo.gl0
.wr/gwas.gwdc0.wdc/Msub_wr_data_count_i_sub0000_lut<8>" (ROM) removed.
The signal "wr_data_count_01(7)" is loadless and has been removed.
 Loadless block
"fifo_input_acp1/U0/xst_fifo_generator/gconvfifo.rf/grf.rf/gntv_or_sync_fifo.gl0
.wr/gwas.gwdc0.wdc/wr_data_count_i_7" (FF) removed.
  The signal
"fifo_input_acp1/U0/xst_fifo_generator/gconvfifo.rf/grf.rf/gntv_or_sync_fifo.gl0
.wr/gwas.gwdc0.wdc/wr_data_count_i_sub0000<7>" is loadless and has been removed.
   Loadless block
"fifo_input_acp1/U0/xst_fifo_generator/gconvfifo.rf/grf.rf/gntv_or_sync_fifo.gl0
.wr/gwas.gwdc0.wdc/Msub_wr_data_count_i_sub0000_xor<7>" (XOR) removed.
The signal "wr_data_count_01(6)" is loadless and has been removed.
 Loadless block
"fifo_input_acp1/U0/xst_fifo_generator/gconvfifo.rf/grf.rf/gntv_or_sync_fifo.gl0
.wr/gwas.gwdc0.wdc/wr_data_count_i_6" (FF) removed.
  The signal
"fifo_input_acp1/U0/xst_fifo_generator/gconvfifo.rf/grf.rf/gntv_or_sync_fifo.gl0
.wr/gwas.gwdc0.wdc/wr_data_count_i_sub0000<6>" is loadless and has been removed.
   Loadless block
"fifo_input_acp1/U0/xst_fifo_generator/gconvfifo.rf/grf.rf/gntv_or_sync_fifo.gl0
.wr/gwas.gwdc0.wdc/Msub_wr_data_count_i_sub0000_xor<6>" (XOR) removed.
The signal "wr_data_count_01(5)" is loadless and has been removed.
 Loadless block
"fifo_input_acp1/U0/xst_fifo_generator/gconvfifo.rf/grf.rf/gntv_or_sync_fifo.gl0
.wr/gwas.gwdc0.wdc/wr_data_count_i_5" (FF) removed.
  The signal
"fifo_input_acp1/U0/xst_fifo_generator/gconvfifo.rf/grf.rf/gntv_or_sync_fifo.gl0
.wr/gwas.gwdc0.wdc/wr_data_count_i_sub0000<5>" is loadless and has been removed.
   Loadless block
"fifo_input_acp1/U0/xst_fifo_generator/gconvfifo.rf/grf.rf/gntv_or_sync_fifo.gl0
.wr/gwas.gwdc0.wdc/Msub_wr_data_count_i_sub0000_xor<5>" (XOR) removed.
The signal "wr_data_count_01(4)" is loadless and has been removed.
 Loadless block
"fifo_input_acp1/U0/xst_fifo_generator/gconvfifo.rf/grf.rf/gntv_or_sync_fifo.gl0
.wr/gwas.gwdc0.wdc/wr_data_count_i_4" (FF) removed.
  The signal
"fifo_input_acp1/U0/xst_fifo_generator/gconvfifo.rf/grf.rf/gntv_or_sync_fifo.gl0
.wr/gwas.gwdc0.wdc/wr_data_count_i_sub0000<4>" is loadless and has been removed.
   Loadless block
"fifo_input_acp1/U0/xst_fifo_generator/gconvfifo.rf/grf.rf/gntv_or_sync_fifo.gl0
.wr/gwas.gwdc0.wdc/Msub_wr_data_count_i_sub0000_xor<4>" (XOR) removed.
The signal "wr_data_count_01(3)" is loadless and has been removed.
 Loadless block
"fifo_input_acp1/U0/xst_fifo_generator/gconvfifo.rf/grf.rf/gntv_or_sync_fifo.gl0
.wr/gwas.gwdc0.wdc/wr_data_count_i_3" (FF) removed.
  The signal
"fifo_input_acp1/U0/xst_fifo_generator/gconvfifo.rf/grf.rf/gntv_or_sync_fifo.gl0
.wr/gwas.gwdc0.wdc/wr_data_count_i_sub0000<3>" is loadless and has been removed.
   Loadless block
"fifo_input_acp1/U0/xst_fifo_generator/gconvfifo.rf/grf.rf/gntv_or_sync_fifo.gl0
.wr/gwas.gwdc0.wdc/Msub_wr_data_count_i_sub0000_xor<3>" (XOR) removed.
The signal "wr_data_count_01(2)" is loadless and has been removed.
 Loadless block
"fifo_input_acp1/U0/xst_fifo_generator/gconvfifo.rf/grf.rf/gntv_or_sync_fifo.gl0
.wr/gwas.gwdc0.wdc/wr_data_count_i_2" (FF) removed.
  The signal
"fifo_input_acp1/U0/xst_fifo_generator/gconvfifo.rf/grf.rf/gntv_or_sync_fifo.gl0
.wr/gwas.gwdc0.wdc/wr_data_count_i_sub0000<2>" is loadless and has been removed.
   Loadless block
"fifo_input_acp1/U0/xst_fifo_generator/gconvfifo.rf/grf.rf/gntv_or_sync_fifo.gl0
.wr/gwas.gwdc0.wdc/Msub_wr_data_count_i_sub0000_xor<2>" (XOR) removed.
The signal "wr_data_count_01(1)" is loadless and has been removed.
 Loadless block
"fifo_input_acp1/U0/xst_fifo_generator/gconvfifo.rf/grf.rf/gntv_or_sync_fifo.gl0
.wr/gwas.gwdc0.wdc/wr_data_count_i_1" (FF) removed.
  The signal
"fifo_input_acp1/U0/xst_fifo_generator/gconvfifo.rf/grf.rf/gntv_or_sync_fifo.gl0
.wr/gwas.gwdc0.wdc/wr_data_count_i_sub0000<1>" is loadless and has been removed.
   Loadless block
"fifo_input_acp1/U0/xst_fifo_generator/gconvfifo.rf/grf.rf/gntv_or_sync_fifo.gl0
.wr/gwas.gwdc0.wdc/Msub_wr_data_count_i_sub0000_xor<1>" (XOR) removed.
The signal "wr_data_count_01(0)" is loadless and has been removed.
 Loadless block
"fifo_input_acp1/U0/xst_fifo_generator/gconvfifo.rf/grf.rf/gntv_or_sync_fifo.gl0
.wr/gwas.gwdc0.wdc/wr_data_count_i_0" (FF) removed.
  The signal
"fifo_input_acp1/U0/xst_fifo_generator/gconvfifo.rf/grf.rf/gntv_or_sync_fifo.gl0
.wr/gwas.gwdc0.wdc/wr_data_count_i_sub0000<0>" is loadless and has been removed.
   Loadless block
"fifo_input_acp1/U0/xst_fifo_generator/gconvfifo.rf/grf.rf/gntv_or_sync_fifo.gl0
.wr/gwas.gwdc0.wdc/Msub_wr_data_count_i_sub0000_xor<0>" (XOR) removed.
The signal "eth_rdempty1" is loadless and has been removed.
 Loadless block
"fifo_input_acp1/U0/xst_fifo_generator/gconvfifo.rf/grf.rf/gntv_or_sync_fifo.gl0
.rd/gras.rsts/ram_empty_i" (FF) removed.
The signal "rd_data_count_02(7)" is loadless and has been removed.
 Loadless block
"fifo_input_acp2/U0/xst_fifo_generator/gconvfifo.rf/grf.rf/gntv_or_sync_fifo.gl0
.rd/gras.grdc1.rdc/rd_dc_i_7" (FF) removed.
  The signal
"fifo_input_acp2/U0/xst_fifo_generator/gconvfifo.rf/grf.rf/gntv_or_sync_fifo.gl0
.rd/gras.grdc1.rdc/rd_dc_i_sub0000<7>" is loadless and has been removed.
   Loadless block
"fifo_input_acp2/U0/xst_fifo_generator/gconvfifo.rf/grf.rf/gntv_or_sync_fifo.gl0
.rd/gras.grdc1.rdc/Msub_rd_dc_i_sub0000_xor<7>" (XOR) removed.
The signal "rd_data_count_02(6)" is loadless and has been removed.
 Loadless block
"fifo_input_acp2/U0/xst_fifo_generator/gconvfifo.rf/grf.rf/gntv_or_sync_fifo.gl0
.rd/gras.grdc1.rdc/rd_dc_i_6" (FF) removed.
  The signal
"fifo_input_acp2/U0/xst_fifo_generator/gconvfifo.rf/grf.rf/gntv_or_sync_fifo.gl0
.rd/gras.grdc1.rdc/rd_dc_i_sub0000<6>" is loadless and has been removed.
   Loadless block
"fifo_input_acp2/U0/xst_fifo_generator/gconvfifo.rf/grf.rf/gntv_or_sync_fifo.gl0
.rd/gras.grdc1.rdc/Msub_rd_dc_i_sub0000_xor<6>" (XOR) removed.
The signal "rd_data_count_02(5)" is loadless and has been removed.
 Loadless block
"fifo_input_acp2/U0/xst_fifo_generator/gconvfifo.rf/grf.rf/gntv_or_sync_fifo.gl0
.rd/gras.grdc1.rdc/rd_dc_i_5" (FF) removed.
  The signal
"fifo_input_acp2/U0/xst_fifo_generator/gconvfifo.rf/grf.rf/gntv_or_sync_fifo.gl0
.rd/gras.grdc1.rdc/rd_dc_i_sub0000<5>" is loadless and has been removed.
   Loadless block
"fifo_input_acp2/U0/xst_fifo_generator/gconvfifo.rf/grf.rf/gntv_or_sync_fifo.gl0
.rd/gras.grdc1.rdc/Msub_rd_dc_i_sub0000_xor<5>" (XOR) removed.
The signal "rd_data_count_02(4)" is loadless and has been removed.
 Loadless block
"fifo_input_acp2/U0/xst_fifo_generator/gconvfifo.rf/grf.rf/gntv_or_sync_fifo.gl0
.rd/gras.grdc1.rdc/rd_dc_i_4" (FF) removed.
  The signal
"fifo_input_acp2/U0/xst_fifo_generator/gconvfifo.rf/grf.rf/gntv_or_sync_fifo.gl0
.rd/gras.grdc1.rdc/rd_dc_i_sub0000<4>" is loadless and has been removed.
   Loadless block
"fifo_input_acp2/U0/xst_fifo_generator/gconvfifo.rf/grf.rf/gntv_or_sync_fifo.gl0
.rd/gras.grdc1.rdc/Msub_rd_dc_i_sub0000_xor<4>" (XOR) removed.
The signal "rd_data_count_02(3)" is loadless and has been removed.
 Loadless block
"fifo_input_acp2/U0/xst_fifo_generator/gconvfifo.rf/grf.rf/gntv_or_sync_fifo.gl0
.rd/gras.grdc1.rdc/rd_dc_i_3" (FF) removed.
  The signal
"fifo_input_acp2/U0/xst_fifo_generator/gconvfifo.rf/grf.rf/gntv_or_sync_fifo.gl0
.rd/gras.grdc1.rdc/rd_dc_i_sub0000<3>" is loadless and has been removed.
   Loadless block
"fifo_input_acp2/U0/xst_fifo_generator/gconvfifo.rf/grf.rf/gntv_or_sync_fifo.gl0
.rd/gras.grdc1.rdc/Msub_rd_dc_i_sub0000_xor<3>" (XOR) removed.
The signal "rd_data_count_02(2)" is loadless and has been removed.
 Loadless block
"fifo_input_acp2/U0/xst_fifo_generator/gconvfifo.rf/grf.rf/gntv_or_sync_fifo.gl0
.rd/gras.grdc1.rdc/rd_dc_i_2" (FF) removed.
  The signal
"fifo_input_acp2/U0/xst_fifo_generator/gconvfifo.rf/grf.rf/gntv_or_sync_fifo.gl0
.rd/gras.grdc1.rdc/rd_dc_i_sub0000<2>" is loadless and has been removed.
   Loadless block
"fifo_input_acp2/U0/xst_fifo_generator/gconvfifo.rf/grf.rf/gntv_or_sync_fifo.gl0
.rd/gras.grdc1.rdc/Msub_rd_dc_i_sub0000_xor<2>" (XOR) removed.
The signal "rd_data_count_02(1)" is loadless and has been removed.
 Loadless block
"fifo_input_acp2/U0/xst_fifo_generator/gconvfifo.rf/grf.rf/gntv_or_sync_fifo.gl0
.rd/gras.grdc1.rdc/rd_dc_i_1" (FF) removed.
  The signal
"fifo_input_acp2/U0/xst_fifo_generator/gconvfifo.rf/grf.rf/gntv_or_sync_fifo.gl0
.rd/gras.grdc1.rdc/rd_dc_i_sub0000<1>" is loadless and has been removed.
   Loadless block
"fifo_input_acp2/U0/xst_fifo_generator/gconvfifo.rf/grf.rf/gntv_or_sync_fifo.gl0
.rd/gras.grdc1.rdc/Msub_rd_dc_i_sub0000_xor<1>" (XOR) removed.
The signal "rd_data_count_02(0)" is loadless and has been removed.
 Loadless block
"fifo_input_acp2/U0/xst_fifo_generator/gconvfifo.rf/grf.rf/gntv_or_sync_fifo.gl0
.rd/gras.grdc1.rdc/rd_dc_i_0" (FF) removed.
  The signal
"fifo_input_acp2/U0/xst_fifo_generator/gconvfifo.rf/grf.rf/gntv_or_sync_fifo.gl0
.rd/gras.grdc1.rdc/rd_dc_i_sub0000<0>" is loadless and has been removed.
   Loadless block
"fifo_input_acp2/U0/xst_fifo_generator/gconvfifo.rf/grf.rf/gntv_or_sync_fifo.gl0
.rd/gras.grdc1.rdc/Msub_rd_dc_i_sub0000_xor<0>" (XOR) removed.
The signal "wr_data_count_02(8)" is loadless and has been removed.
 Loadless block
"fifo_input_acp2/U0/xst_fifo_generator/gconvfifo.rf/grf.rf/gntv_or_sync_fifo.gl0
.wr/gwas.gwdc0.wdc/wr_data_count_i_8" (FF) removed.
  The signal
"fifo_input_acp2/U0/xst_fifo_generator/gconvfifo.rf/grf.rf/gntv_or_sync_fifo.gl0
.wr/gwas.gwdc0.wdc/wr_data_count_i_sub0000<8>" is loadless and has been removed.
   Loadless block
"fifo_input_acp2/U0/xst_fifo_generator/gconvfifo.rf/grf.rf/gntv_or_sync_fifo.gl0
.wr/gwas.gwdc0.wdc/Msub_wr_data_count_i_sub0000_xor<8>" (XOR) removed.
    The signal
"fifo_input_acp2/U0/xst_fifo_generator/gconvfifo.rf/grf.rf/gntv_or_sync_fifo.gl0
.wr/gwas.gwdc0.wdc/Msub_wr_data_count_i_sub0000_cy<7>" is loadless and has been
removed.
     Loadless block
"fifo_input_acp2/U0/xst_fifo_generator/gconvfifo.rf/grf.rf/gntv_or_sync_fifo.gl0
.wr/gwas.gwdc0.wdc/Msub_wr_data_count_i_sub0000_cy<7>" (MUX) removed.
      The signal
"fifo_input_acp2/U0/xst_fifo_generator/gconvfifo.rf/grf.rf/gntv_or_sync_fifo.gl0
.wr/gwas.gwdc0.wdc/Msub_wr_data_count_i_sub0000_cy<6>" is loadless and has been
removed.
       Loadless block
"fifo_input_acp2/U0/xst_fifo_generator/gconvfifo.rf/grf.rf/gntv_or_sync_fifo.gl0
.wr/gwas.gwdc0.wdc/Msub_wr_data_count_i_sub0000_cy<6>" (MUX) removed.
        The signal
"fifo_input_acp2/U0/xst_fifo_generator/gconvfifo.rf/grf.rf/gntv_or_sync_fifo.gl0
.wr/gwas.gwdc0.wdc/Msub_wr_data_count_i_sub0000_cy<5>" is loadless and has been
removed.
         Loadless block
"fifo_input_acp2/U0/xst_fifo_generator/gconvfifo.rf/grf.rf/gntv_or_sync_fifo.gl0
.wr/gwas.gwdc0.wdc/Msub_wr_data_count_i_sub0000_cy<5>" (MUX) removed.
          The signal
"fifo_input_acp2/U0/xst_fifo_generator/gconvfifo.rf/grf.rf/gntv_or_sync_fifo.gl0
.wr/gwas.gwdc0.wdc/Msub_wr_data_count_i_sub0000_cy<4>" is loadless and has been
removed.
           Loadless block
"fifo_input_acp2/U0/xst_fifo_generator/gconvfifo.rf/grf.rf/gntv_or_sync_fifo.gl0
.wr/gwas.gwdc0.wdc/Msub_wr_data_count_i_sub0000_cy<4>" (MUX) removed.
            The signal
"fifo_input_acp2/U0/xst_fifo_generator/gconvfifo.rf/grf.rf/gntv_or_sync_fifo.gl0
.wr/gwas.gwdc0.wdc/Msub_wr_data_count_i_sub0000_cy<3>" is loadless and has been
removed.
             Loadless block
"fifo_input_acp2/U0/xst_fifo_generator/gconvfifo.rf/grf.rf/gntv_or_sync_fifo.gl0
.wr/gwas.gwdc0.wdc/Msub_wr_data_count_i_sub0000_cy<3>" (MUX) removed.
              The signal
"fifo_input_acp2/U0/xst_fifo_generator/gconvfifo.rf/grf.rf/gntv_or_sync_fifo.gl0
.wr/gwas.gwdc0.wdc/Msub_wr_data_count_i_sub0000_cy<2>" is loadless and has been
removed.
               Loadless block
"fifo_input_acp2/U0/xst_fifo_generator/gconvfifo.rf/grf.rf/gntv_or_sync_fifo.gl0
.wr/gwas.gwdc0.wdc/Msub_wr_data_count_i_sub0000_cy<2>" (MUX) removed.
                The signal
"fifo_input_acp2/U0/xst_fifo_generator/gconvfifo.rf/grf.rf/gntv_or_sync_fifo.gl0
.wr/gwas.gwdc0.wdc/Msub_wr_data_count_i_sub0000_cy<1>" is loadless and has been
removed.
                 Loadless block
"fifo_input_acp2/U0/xst_fifo_generator/gconvfifo.rf/grf.rf/gntv_or_sync_fifo.gl0
.wr/gwas.gwdc0.wdc/Msub_wr_data_count_i_sub0000_cy<1>" (MUX) removed.
                  The signal
"fifo_input_acp2/U0/xst_fifo_generator/gconvfifo.rf/grf.rf/gntv_or_sync_fifo.gl0
.wr/gwas.gwdc0.wdc/Msub_wr_data_count_i_sub0000_cy<0>" is loadless and has been
removed.
                   Loadless block
"fifo_input_acp2/U0/xst_fifo_generator/gconvfifo.rf/grf.rf/gntv_or_sync_fifo.gl0
.wr/gwas.gwdc0.wdc/Msub_wr_data_count_i_sub0000_cy<0>" (MUX) removed.
                    The signal
"fifo_input_acp2/U0/xst_fifo_generator/gconvfifo.rf/grf.rf/gntv_or_sync_fifo.gl0
.wr/gwas.gwdc0.wdc/Msub_wr_data_count_i_sub0000_lut<0>" is loadless and has been
removed.
                     Loadless block
"fifo_input_acp2/U0/xst_fifo_generator/gconvfifo.rf/grf.rf/gntv_or_sync_fifo.gl0
.wr/gwas.gwdc0.wdc/Msub_wr_data_count_i_sub0000_lut<0>" (ROM) removed.
                  The signal
"fifo_input_acp2/U0/xst_fifo_generator/gconvfifo.rf/grf.rf/gntv_or_sync_fifo.gl0
.wr/gwas.gwdc0.wdc/Msub_wr_data_count_i_sub0000_lut<1>" is loadless and has been
removed.
                   Loadless block
"fifo_input_acp2/U0/xst_fifo_generator/gconvfifo.rf/grf.rf/gntv_or_sync_fifo.gl0
.wr/gwas.gwdc0.wdc/Msub_wr_data_count_i_sub0000_lut<1>" (ROM) removed.
                The signal
"fifo_input_acp2/U0/xst_fifo_generator/gconvfifo.rf/grf.rf/gntv_or_sync_fifo.gl0
.wr/gwas.gwdc0.wdc/Msub_wr_data_count_i_sub0000_lut<2>" is loadless and has been
removed.
                 Loadless block
"fifo_input_acp2/U0/xst_fifo_generator/gconvfifo.rf/grf.rf/gntv_or_sync_fifo.gl0
.wr/gwas.gwdc0.wdc/Msub_wr_data_count_i_sub0000_lut<2>" (ROM) removed.
              The signal
"fifo_input_acp2/U0/xst_fifo_generator/gconvfifo.rf/grf.rf/gntv_or_sync_fifo.gl0
.wr/gwas.gwdc0.wdc/Msub_wr_data_count_i_sub0000_lut<3>" is loadless and has been
removed.
               Loadless block
"fifo_input_acp2/U0/xst_fifo_generator/gconvfifo.rf/grf.rf/gntv_or_sync_fifo.gl0
.wr/gwas.gwdc0.wdc/Msub_wr_data_count_i_sub0000_lut<3>" (ROM) removed.
            The signal
"fifo_input_acp2/U0/xst_fifo_generator/gconvfifo.rf/grf.rf/gntv_or_sync_fifo.gl0
.wr/gwas.gwdc0.wdc/Msub_wr_data_count_i_sub0000_lut<4>" is loadless and has been
removed.
             Loadless block
"fifo_input_acp2/U0/xst_fifo_generator/gconvfifo.rf/grf.rf/gntv_or_sync_fifo.gl0
.wr/gwas.gwdc0.wdc/Msub_wr_data_count_i_sub0000_lut<4>" (ROM) removed.
          The signal
"fifo_input_acp2/U0/xst_fifo_generator/gconvfifo.rf/grf.rf/gntv_or_sync_fifo.gl0
.wr/gwas.gwdc0.wdc/Msub_wr_data_count_i_sub0000_lut<5>" is loadless and has been
removed.
           Loadless block
"fifo_input_acp2/U0/xst_fifo_generator/gconvfifo.rf/grf.rf/gntv_or_sync_fifo.gl0
.wr/gwas.gwdc0.wdc/Msub_wr_data_count_i_sub0000_lut<5>" (ROM) removed.
        The signal
"fifo_input_acp2/U0/xst_fifo_generator/gconvfifo.rf/grf.rf/gntv_or_sync_fifo.gl0
.wr/gwas.gwdc0.wdc/Msub_wr_data_count_i_sub0000_lut<6>" is loadless and has been
removed.
         Loadless block
"fifo_input_acp2/U0/xst_fifo_generator/gconvfifo.rf/grf.rf/gntv_or_sync_fifo.gl0
.wr/gwas.gwdc0.wdc/Msub_wr_data_count_i_sub0000_lut<6>" (ROM) removed.
      The signal
"fifo_input_acp2/U0/xst_fifo_generator/gconvfifo.rf/grf.rf/gntv_or_sync_fifo.gl0
.wr/gwas.gwdc0.wdc/Msub_wr_data_count_i_sub0000_lut<7>" is loadless and has been
removed.
       Loadless block
"fifo_input_acp2/U0/xst_fifo_generator/gconvfifo.rf/grf.rf/gntv_or_sync_fifo.gl0
.wr/gwas.gwdc0.wdc/Msub_wr_data_count_i_sub0000_lut<7>" (ROM) removed.
    The signal
"fifo_input_acp2/U0/xst_fifo_generator/gconvfifo.rf/grf.rf/gntv_or_sync_fifo.gl0
.wr/gwas.gwdc0.wdc/Msub_wr_data_count_i_sub0000_lut<8>" is loadless and has been
removed.
     Loadless block
"fifo_input_acp2/U0/xst_fifo_generator/gconvfifo.rf/grf.rf/gntv_or_sync_fifo.gl0
.wr/gwas.gwdc0.wdc/Msub_wr_data_count_i_sub0000_lut<8>" (ROM) removed.
The signal "wr_data_count_02(7)" is loadless and has been removed.
 Loadless block
"fifo_input_acp2/U0/xst_fifo_generator/gconvfifo.rf/grf.rf/gntv_or_sync_fifo.gl0
.wr/gwas.gwdc0.wdc/wr_data_count_i_7" (FF) removed.
  The signal
"fifo_input_acp2/U0/xst_fifo_generator/gconvfifo.rf/grf.rf/gntv_or_sync_fifo.gl0
.wr/gwas.gwdc0.wdc/wr_data_count_i_sub0000<7>" is loadless and has been removed.
   Loadless block
"fifo_input_acp2/U0/xst_fifo_generator/gconvfifo.rf/grf.rf/gntv_or_sync_fifo.gl0
.wr/gwas.gwdc0.wdc/Msub_wr_data_count_i_sub0000_xor<7>" (XOR) removed.
The signal "wr_data_count_02(6)" is loadless and has been removed.
 Loadless block
"fifo_input_acp2/U0/xst_fifo_generator/gconvfifo.rf/grf.rf/gntv_or_sync_fifo.gl0
.wr/gwas.gwdc0.wdc/wr_data_count_i_6" (FF) removed.
  The signal
"fifo_input_acp2/U0/xst_fifo_generator/gconvfifo.rf/grf.rf/gntv_or_sync_fifo.gl0
.wr/gwas.gwdc0.wdc/wr_data_count_i_sub0000<6>" is loadless and has been removed.
   Loadless block
"fifo_input_acp2/U0/xst_fifo_generator/gconvfifo.rf/grf.rf/gntv_or_sync_fifo.gl0
.wr/gwas.gwdc0.wdc/Msub_wr_data_count_i_sub0000_xor<6>" (XOR) removed.
The signal "wr_data_count_02(5)" is loadless and has been removed.
 Loadless block
"fifo_input_acp2/U0/xst_fifo_generator/gconvfifo.rf/grf.rf/gntv_or_sync_fifo.gl0
.wr/gwas.gwdc0.wdc/wr_data_count_i_5" (FF) removed.
  The signal
"fifo_input_acp2/U0/xst_fifo_generator/gconvfifo.rf/grf.rf/gntv_or_sync_fifo.gl0
.wr/gwas.gwdc0.wdc/wr_data_count_i_sub0000<5>" is loadless and has been removed.
   Loadless block
"fifo_input_acp2/U0/xst_fifo_generator/gconvfifo.rf/grf.rf/gntv_or_sync_fifo.gl0
.wr/gwas.gwdc0.wdc/Msub_wr_data_count_i_sub0000_xor<5>" (XOR) removed.
The signal "wr_data_count_02(4)" is loadless and has been removed.
 Loadless block
"fifo_input_acp2/U0/xst_fifo_generator/gconvfifo.rf/grf.rf/gntv_or_sync_fifo.gl0
.wr/gwas.gwdc0.wdc/wr_data_count_i_4" (FF) removed.
  The signal
"fifo_input_acp2/U0/xst_fifo_generator/gconvfifo.rf/grf.rf/gntv_or_sync_fifo.gl0
.wr/gwas.gwdc0.wdc/wr_data_count_i_sub0000<4>" is loadless and has been removed.
   Loadless block
"fifo_input_acp2/U0/xst_fifo_generator/gconvfifo.rf/grf.rf/gntv_or_sync_fifo.gl0
.wr/gwas.gwdc0.wdc/Msub_wr_data_count_i_sub0000_xor<4>" (XOR) removed.
The signal "wr_data_count_02(3)" is loadless and has been removed.
 Loadless block
"fifo_input_acp2/U0/xst_fifo_generator/gconvfifo.rf/grf.rf/gntv_or_sync_fifo.gl0
.wr/gwas.gwdc0.wdc/wr_data_count_i_3" (FF) removed.
  The signal
"fifo_input_acp2/U0/xst_fifo_generator/gconvfifo.rf/grf.rf/gntv_or_sync_fifo.gl0
.wr/gwas.gwdc0.wdc/wr_data_count_i_sub0000<3>" is loadless and has been removed.
   Loadless block
"fifo_input_acp2/U0/xst_fifo_generator/gconvfifo.rf/grf.rf/gntv_or_sync_fifo.gl0
.wr/gwas.gwdc0.wdc/Msub_wr_data_count_i_sub0000_xor<3>" (XOR) removed.
The signal "wr_data_count_02(2)" is loadless and has been removed.
 Loadless block
"fifo_input_acp2/U0/xst_fifo_generator/gconvfifo.rf/grf.rf/gntv_or_sync_fifo.gl0
.wr/gwas.gwdc0.wdc/wr_data_count_i_2" (FF) removed.
  The signal
"fifo_input_acp2/U0/xst_fifo_generator/gconvfifo.rf/grf.rf/gntv_or_sync_fifo.gl0
.wr/gwas.gwdc0.wdc/wr_data_count_i_sub0000<2>" is loadless and has been removed.
   Loadless block
"fifo_input_acp2/U0/xst_fifo_generator/gconvfifo.rf/grf.rf/gntv_or_sync_fifo.gl0
.wr/gwas.gwdc0.wdc/Msub_wr_data_count_i_sub0000_xor<2>" (XOR) removed.
The signal "wr_data_count_02(1)" is loadless and has been removed.
 Loadless block
"fifo_input_acp2/U0/xst_fifo_generator/gconvfifo.rf/grf.rf/gntv_or_sync_fifo.gl0
.wr/gwas.gwdc0.wdc/wr_data_count_i_1" (FF) removed.
  The signal
"fifo_input_acp2/U0/xst_fifo_generator/gconvfifo.rf/grf.rf/gntv_or_sync_fifo.gl0
.wr/gwas.gwdc0.wdc/wr_data_count_i_sub0000<1>" is loadless and has been removed.
   Loadless block
"fifo_input_acp2/U0/xst_fifo_generator/gconvfifo.rf/grf.rf/gntv_or_sync_fifo.gl0
.wr/gwas.gwdc0.wdc/Msub_wr_data_count_i_sub0000_xor<1>" (XOR) removed.
The signal "wr_data_count_02(0)" is loadless and has been removed.
 Loadless block
"fifo_input_acp2/U0/xst_fifo_generator/gconvfifo.rf/grf.rf/gntv_or_sync_fifo.gl0
.wr/gwas.gwdc0.wdc/wr_data_count_i_0" (FF) removed.
  The signal
"fifo_input_acp2/U0/xst_fifo_generator/gconvfifo.rf/grf.rf/gntv_or_sync_fifo.gl0
.wr/gwas.gwdc0.wdc/wr_data_count_i_sub0000<0>" is loadless and has been removed.
   Loadless block
"fifo_input_acp2/U0/xst_fifo_generator/gconvfifo.rf/grf.rf/gntv_or_sync_fifo.gl0
.wr/gwas.gwdc0.wdc/Msub_wr_data_count_i_sub0000_xor<0>" (XOR) removed.
The signal "eth_rdempty2" is loadless and has been removed.
 Loadless block
"fifo_input_acp2/U0/xst_fifo_generator/gconvfifo.rf/grf.rf/gntv_or_sync_fifo.gl0
.rd/gras.rsts/ram_empty_i" (FF) removed.
The signal "adc_01_data(15)" is loadless and has been removed.
The signal "adc_01_data(14)" is loadless and has been removed.
The signal "adc_01_data(13)" is loadless and has been removed.
The signal "adc_01_data(12)" is loadless and has been removed.
The signal "adc_02_data(15)" is loadless and has been removed.
The signal "adc_02_data(14)" is loadless and has been removed.
The signal "adc_02_data(13)" is loadless and has been removed.
The signal "adc_02_data(12)" is loadless and has been removed.
The signal
"fifo_input_acp2/U0/xst_fifo_generator/gconvfifo.rf/grf.rf/gntv_or_sync_fifo.gl0
.wr/gwas.wsts/ram_full_i" is loadless and has been removed.
 Loadless block
"fifo_input_acp2/U0/xst_fifo_generator/gconvfifo.rf/grf.rf/gntv_or_sync_fifo.gl0
.wr/gwas.wsts/ram_full_i" (FF) removed.
The signal
"fifo_input_acp1/U0/xst_fifo_generator/gconvfifo.rf/grf.rf/gntv_or_sync_fifo.gl0
.wr/gwas.wsts/ram_full_i" is loadless and has been removed.
 Loadless block
"fifo_input_acp1/U0/xst_fifo_generator/gconvfifo.rf/grf.rf/gntv_or_sync_fifo.gl0
.wr/gwas.wsts/ram_full_i" (FF) removed.
The signal "ethernet/BOARD_IP(0)" is sourceless and has been removed.
The signal "ethernet/PC_IP(1)" is sourceless and has been removed.
The signal
"ethernet/fifo_input/U0/xst_fifo_generator/gconvfifo.rf/grf.rf/gntv_or_sync_fifo
.gl0.wr/gwas.wsts/ram_full_i" is sourceless and has been removed.
The signal
"ethernet/fifo_input/U0/xst_fifo_generator/gconvfifo.rf/grf.rf/gntv_or_sync_fifo
.gl0.rd/gras.grdc1.rdc/rd_dc_i<5>" is sourceless and has been removed.
The signal
"ethernet/fifo_input/U0/xst_fifo_generator/gconvfifo.rf/grf.rf/gntv_or_sync_fifo
.gl0.rd/gras.grdc1.rdc/rd_dc_i<4>" is sourceless and has been removed.
The signal
"ethernet/fifo_input/U0/xst_fifo_generator/gconvfifo.rf/grf.rf/gntv_or_sync_fifo
.gl0.rd/gras.grdc1.rdc/rd_dc_i<3>" is sourceless and has been removed.
The signal
"ethernet/fifo_input/U0/xst_fifo_generator/gconvfifo.rf/grf.rf/gntv_or_sync_fifo
.gl0.rd/gras.grdc1.rdc/rd_dc_i<2>" is sourceless and has been removed.
The signal
"ethernet/fifo_input/U0/xst_fifo_generator/gconvfifo.rf/grf.rf/gntv_or_sync_fifo
.gl0.rd/gras.grdc1.rdc/rd_dc_i<1>" is sourceless and has been removed.
The signal
"ethernet/fifo_input/U0/xst_fifo_generator/gconvfifo.rf/grf.rf/gntv_or_sync_fifo
.gl0.rd/gras.grdc1.rdc/rd_dc_i<0>" is sourceless and has been removed.
The signal "ethernet/fifo_input/N1" is sourceless and has been removed.
 Sourceless block
"ethernet/fifo_input/U0/xst_fifo_generator/gconvfifo.rf/grf.rf/gntv_or_sync_fifo
.gl0.rd/gras.grdc1.rdc/Msub_rd_dc_i_sub0000_cy<0>" (MUX) removed.
  The signal
"ethernet/fifo_input/U0/xst_fifo_generator/gconvfifo.rf/grf.rf/gntv_or_sync_fifo
.gl0.rd/gras.grdc1.rdc/Msub_rd_dc_i_sub0000_cy<0>" is sourceless and has been
removed.
   Sourceless block
"ethernet/fifo_input/U0/xst_fifo_generator/gconvfifo.rf/grf.rf/gntv_or_sync_fifo
.gl0.rd/gras.grdc1.rdc/Msub_rd_dc_i_sub0000_cy<1>" (MUX) removed.
    The signal
"ethernet/fifo_input/U0/xst_fifo_generator/gconvfifo.rf/grf.rf/gntv_or_sync_fifo
.gl0.rd/gras.grdc1.rdc/Msub_rd_dc_i_sub0000_cy<1>" is sourceless and has been
removed.
     Sourceless block
"ethernet/fifo_input/U0/xst_fifo_generator/gconvfifo.rf/grf.rf/gntv_or_sync_fifo
.gl0.rd/gras.grdc1.rdc/Msub_rd_dc_i_sub0000_cy<2>" (MUX) removed.
      The signal
"ethernet/fifo_input/U0/xst_fifo_generator/gconvfifo.rf/grf.rf/gntv_or_sync_fifo
.gl0.rd/gras.grdc1.rdc/Msub_rd_dc_i_sub0000_cy<2>" is sourceless and has been
removed.
       Sourceless block
"ethernet/fifo_input/U0/xst_fifo_generator/gconvfifo.rf/grf.rf/gntv_or_sync_fifo
.gl0.rd/gras.grdc1.rdc/Msub_rd_dc_i_sub0000_cy<3>" (MUX) removed.
        The signal
"ethernet/fifo_input/U0/xst_fifo_generator/gconvfifo.rf/grf.rf/gntv_or_sync_fifo
.gl0.rd/gras.grdc1.rdc/Msub_rd_dc_i_sub0000_cy<3>" is sourceless and has been
removed.
         Sourceless block
"ethernet/fifo_input/U0/xst_fifo_generator/gconvfifo.rf/grf.rf/gntv_or_sync_fifo
.gl0.rd/gras.grdc1.rdc/Msub_rd_dc_i_sub0000_cy<4>" (MUX) removed.
          The signal
"ethernet/fifo_input/U0/xst_fifo_generator/gconvfifo.rf/grf.rf/gntv_or_sync_fifo
.gl0.rd/gras.grdc1.rdc/Msub_rd_dc_i_sub0000_cy<4>" is sourceless and has been
removed.
           Sourceless block
"ethernet/fifo_input/U0/xst_fifo_generator/gconvfifo.rf/grf.rf/gntv_or_sync_fifo
.gl0.rd/gras.grdc1.rdc/Msub_rd_dc_i_sub0000_xor<5>" (XOR) removed.
            The signal
"ethernet/fifo_input/U0/xst_fifo_generator/gconvfifo.rf/grf.rf/gntv_or_sync_fifo
.gl0.rd/gras.grdc1.rdc/rd_dc_i_sub0000<5>" is sourceless and has been removed.
             Sourceless block
"ethernet/fifo_input/U0/xst_fifo_generator/gconvfifo.rf/grf.rf/gntv_or_sync_fifo
.gl0.rd/gras.grdc1.rdc/rd_dc_i_5" (FF) removed.
         Sourceless block
"ethernet/fifo_input/U0/xst_fifo_generator/gconvfifo.rf/grf.rf/gntv_or_sync_fifo
.gl0.rd/gras.grdc1.rdc/Msub_rd_dc_i_sub0000_xor<4>" (XOR) removed.
          The signal
"ethernet/fifo_input/U0/xst_fifo_generator/gconvfifo.rf/grf.rf/gntv_or_sync_fifo
.gl0.rd/gras.grdc1.rdc/rd_dc_i_sub0000<4>" is sourceless and has been removed.
           Sourceless block
"ethernet/fifo_input/U0/xst_fifo_generator/gconvfifo.rf/grf.rf/gntv_or_sync_fifo
.gl0.rd/gras.grdc1.rdc/rd_dc_i_4" (FF) removed.
       Sourceless block
"ethernet/fifo_input/U0/xst_fifo_generator/gconvfifo.rf/grf.rf/gntv_or_sync_fifo
.gl0.rd/gras.grdc1.rdc/Msub_rd_dc_i_sub0000_xor<3>" (XOR) removed.
        The signal
"ethernet/fifo_input/U0/xst_fifo_generator/gconvfifo.rf/grf.rf/gntv_or_sync_fifo
.gl0.rd/gras.grdc1.rdc/rd_dc_i_sub0000<3>" is sourceless and has been removed.
         Sourceless block
"ethernet/fifo_input/U0/xst_fifo_generator/gconvfifo.rf/grf.rf/gntv_or_sync_fifo
.gl0.rd/gras.grdc1.rdc/rd_dc_i_3" (FF) removed.
     Sourceless block
"ethernet/fifo_input/U0/xst_fifo_generator/gconvfifo.rf/grf.rf/gntv_or_sync_fifo
.gl0.rd/gras.grdc1.rdc/Msub_rd_dc_i_sub0000_xor<2>" (XOR) removed.
      The signal
"ethernet/fifo_input/U0/xst_fifo_generator/gconvfifo.rf/grf.rf/gntv_or_sync_fifo
.gl0.rd/gras.grdc1.rdc/rd_dc_i_sub0000<2>" is sourceless and has been removed.
       Sourceless block
"ethernet/fifo_input/U0/xst_fifo_generator/gconvfifo.rf/grf.rf/gntv_or_sync_fifo
.gl0.rd/gras.grdc1.rdc/rd_dc_i_2" (FF) removed.
   Sourceless block
"ethernet/fifo_input/U0/xst_fifo_generator/gconvfifo.rf/grf.rf/gntv_or_sync_fifo
.gl0.rd/gras.grdc1.rdc/Msub_rd_dc_i_sub0000_xor<1>" (XOR) removed.
    The signal
"ethernet/fifo_input/U0/xst_fifo_generator/gconvfifo.rf/grf.rf/gntv_or_sync_fifo
.gl0.rd/gras.grdc1.rdc/rd_dc_i_sub0000<1>" is sourceless and has been removed.
     Sourceless block
"ethernet/fifo_input/U0/xst_fifo_generator/gconvfifo.rf/grf.rf/gntv_or_sync_fifo
.gl0.rd/gras.grdc1.rdc/rd_dc_i_1" (FF) removed.
 Sourceless block
"ethernet/fifo_input/U0/xst_fifo_generator/gconvfifo.rf/grf.rf/gntv_or_sync_fifo
.gl0.rd/gras.grdc1.rdc/Msub_rd_dc_i_sub0000_xor<0>" (XOR) removed.
  The signal
"ethernet/fifo_input/U0/xst_fifo_generator/gconvfifo.rf/grf.rf/gntv_or_sync_fifo
.gl0.rd/gras.grdc1.rdc/rd_dc_i_sub0000<0>" is sourceless and has been removed.
   Sourceless block
"ethernet/fifo_input/U0/xst_fifo_generator/gconvfifo.rf/grf.rf/gntv_or_sync_fifo
.gl0.rd/gras.grdc1.rdc/rd_dc_i_0" (FF) removed.
The signal
"ethernet/fifo_input/U0/xst_fifo_generator/gconvfifo.rf/grf.rf/gntv_or_sync_fifo
.gl0.rd/gras.grdc1.rdc/Msub_rd_dc_i_sub0000_lut<0>" is sourceless and has been
removed.
The signal
"ethernet/fifo_input/U0/xst_fifo_generator/gconvfifo.rf/grf.rf/gntv_or_sync_fifo
.gl0.rd/gras.grdc1.rdc/Msub_rd_dc_i_sub0000_lut<1>" is sourceless and has been
removed.
The signal
"ethernet/fifo_input/U0/xst_fifo_generator/gconvfifo.rf/grf.rf/gntv_or_sync_fifo
.gl0.rd/gras.grdc1.rdc/Msub_rd_dc_i_sub0000_lut<2>" is sourceless and has been
removed.
The signal
"ethernet/fifo_input/U0/xst_fifo_generator/gconvfifo.rf/grf.rf/gntv_or_sync_fifo
.gl0.rd/gras.grdc1.rdc/Msub_rd_dc_i_sub0000_lut<3>" is sourceless and has been
removed.
The signal
"ethernet/fifo_input/U0/xst_fifo_generator/gconvfifo.rf/grf.rf/gntv_or_sync_fifo
.gl0.rd/gras.grdc1.rdc/Msub_rd_dc_i_sub0000_lut<4>" is sourceless and has been
removed.
The signal
"ethernet/fifo_input/U0/xst_fifo_generator/gconvfifo.rf/grf.rf/gntv_or_sync_fifo
.gl0.rd/gras.grdc1.rdc/Msub_rd_dc_i_sub0000_lut<5>" is sourceless and has been
removed.

The trimmed logic reported below is either:
   1. part of a cycle
   2. part of disabled logic
   3. a side-effect of other trimmed logic

The signal "SUB_TA_TB_en" is unused and has been removed.
The signal "was_there_a_zero_SUB_TA_TB_flag_AND_5_o" is unused and has been
removed.
The signal "adc_01_sck_OBUF" is unused and has been removed.
The signal "adc_02_sck_OBUF" is unused and has been removed.
The signal "adc_01_sck" is unused and has been removed.
 Unused block "adc_01_sck_OBUF" (BUF) removed.
The signal "adc_02_sck" is unused and has been removed.
 Unused block "adc_02_sck_OBUF" (BUF) removed.
Unused block "adc_01_sck" (PAD) removed.
Unused block "adc_02_sck" (PAD) removed.
Unused block
"ethernet/fifo_input/U0/xst_fifo_generator/gconvfifo.rf/grf.rf/gntv_or_sync_fifo
.gl0.rd/gras.grdc1.rdc/Msub_rd_dc_i_sub0000_lut<0>" (ROM) removed.
Unused block
"ethernet/fifo_input/U0/xst_fifo_generator/gconvfifo.rf/grf.rf/gntv_or_sync_fifo
.gl0.rd/gras.grdc1.rdc/Msub_rd_dc_i_sub0000_lut<1>" (ROM) removed.
Unused block
"ethernet/fifo_input/U0/xst_fifo_generator/gconvfifo.rf/grf.rf/gntv_or_sync_fifo
.gl0.rd/gras.grdc1.rdc/Msub_rd_dc_i_sub0000_lut<2>" (ROM) removed.
Unused block
"ethernet/fifo_input/U0/xst_fifo_generator/gconvfifo.rf/grf.rf/gntv_or_sync_fifo
.gl0.rd/gras.grdc1.rdc/Msub_rd_dc_i_sub0000_lut<3>" (ROM) removed.
Unused block
"ethernet/fifo_input/U0/xst_fifo_generator/gconvfifo.rf/grf.rf/gntv_or_sync_fifo
.gl0.rd/gras.grdc1.rdc/Msub_rd_dc_i_sub0000_lut<4>" (ROM) removed.
Unused block
"ethernet/fifo_input/U0/xst_fifo_generator/gconvfifo.rf/grf.rf/gntv_or_sync_fifo
.gl0.rd/gras.grdc1.rdc/Msub_rd_dc_i_sub0000_lut<5>" (ROM) removed.
Unused block
"ethernet/fifo_input/U0/xst_fifo_generator/gconvfifo.rf/grf.rf/gntv_or_sync_fifo
.gl0.wr/gwas.wsts/ram_full_i" (FF) removed.
Unused block "ethernet/fifo_input/XST_VCC" (ONE) removed.

Optimized Block(s):
TYPE 		BLOCK
FDR 		Led_reg_0
   optimized to 0
FDR 		Led_reg_0_1
   optimized to 0
FDR 		Led_reg_0_2
   optimized to 0
FDR 		Led_reg_0_3
   optimized to 0
FDCPE 		SUB_TA_TB_flag
   optimized to 0
GND 		XST_GND
VCC 		XST_VCC
GND 		fifo_input_acp1/XST_GND
VCC 		fifo_input_acp1/XST_VCC
GND 		fifo_input_acp2/XST_GND
VCC 		fifo_input_acp2/XST_VCC
LUT2 		was_there_a_zero_SUB_TA_TB_flag_AND_5_o1
   optimized to 0
GND 		adc_01/XST_GND
GND 		adc_02/XST_GND
GND 		ethernet/XST_GND
VCC 		ethernet/XST_VCC
GND 		ethernet/fifo_input/XST_GND
GND 		ethernet/aa/XST_GND
VCC 		ethernet/aa/XST_VCC
GND 		ethernet/ap/XST_GND
GND 		ethernet/dh/XST_GND
VCC 		ethernet/dh/XST_VCC
GND 		ethernet/fte/XST_GND
VCC 		ethernet/fte/XST_VCC
GND 		ethernet/hc/XST_GND
VCC 		ethernet/hc/XST_VCC
GND 		ethernet/ih/XST_GND
VCC 		ethernet/ih/XST_VCC
GND 		ethernet/mpr/XST_GND
VCC 		ethernet/mpr/XST_VCC
GND 		ethernet/uh/XST_GND
GND 		pll_1/XST_GND
GND 		pll_2/XST_GND

To enable printing of redundant blocks removed and signals merged, set the
detailed map report option and rerun map.

Section 6 - IOB Properties
--------------------------

+---------------------------------------------------------------------------------------------------------------------------------------------------------+
| IOB Name                           | Type             | Direction | IO Standard          | Diff  | Drive    | Slew | Reg (s)      | Resistor | IOB      |
|                                    |                  |           |                      | Term  | Strength | Rate |              |          | Delay    |
+---------------------------------------------------------------------------------------------------------------------------------------------------------+
| BTN_NORTH                          | IBUF             | INPUT     | LVTTL                |       |          |      | IFF1         | PULLDOWN | 0 / 3    |
| BTN_WEST                           | IBUF             | INPUT     | LVTTL                |       |          |      | IFF1         | PULLDOWN | 0 / 3    |
| LED(0)                             | IOB              | OUTPUT    | LVCMOS33             |       | 12       | SLOW |              |          | 0 / 0    |
| LED(1)                             | IOB              | OUTPUT    | LVCMOS33             |       | 12       | SLOW | OFF1         |          | 0 / 0    |
| LED(2)                             | IOB              | OUTPUT    | LVCMOS33             |       | 12       | SLOW |              |          | 0 / 0    |
| LED(3)                             | IOB              | OUTPUT    | LVCMOS33             |       | 12       | SLOW | OFF1         |          | 0 / 0    |
| LED(4)                             | IOB              | OUTPUT    | LVCMOS33             |       | 12       | SLOW |              |          | 0 / 0    |
| LED(5)                             | IOB              | OUTPUT    | LVCMOS33             |       | 12       | SLOW | OFF1         |          | 0 / 0    |
| LED(6)                             | IOB              | OUTPUT    | LVCMOS33             |       | 12       | SLOW |              |          | 0 / 0    |
| LED(7)                             | IOB              | OUTPUT    | LVCMOS33             |       | 12       | SLOW | OFF1         |          | 0 / 0    |
| adc_01_cs                          | IOB              | OUTPUT    | LVCMOS33             |       | 12       | SLOW |              |          | 0 / 0    |
| adc_02_cs                          | IOB              | OUTPUT    | LVCMOS33             |       | 12       | SLOW |              |          | 0 / 0    |
| clk                                | IBUF             | INPUT     | LVCMOS33             |       |          |      |              |          | 0 / 0    |
| e_mdc                              | IOB              | OUTPUT    | LVCMOS25             |       | 12       | SLOW |              |          | 0 / 0    |
| e_rx_clk                           | IBUF             | INPUT     | LVCMOS33             |       |          |      |              |          | 0 / 0    |
| e_rx_d(0)                          | IBUF             | INPUT     | LVCMOS33             |       |          |      |              |          | 0 / 0    |
| e_rx_d(1)                          | IBUF             | INPUT     | LVCMOS33             |       |          |      |              |          | 0 / 0    |
| e_rx_d(2)                          | IBUF             | INPUT     | LVCMOS33             |       |          |      |              |          | 0 / 0    |
| e_rx_d(3)                          | IBUF             | INPUT     | LVCMOS33             |       |          |      |              |          | 0 / 0    |
| e_rx_dv                            | IBUF             | INPUT     | LVCMOS33             |       |          |      |              |          | 0 / 0    |
| e_rx_er                            | IBUF             | INPUT     | LVCMOS33             |       |          |      |              |          | 0 / 0    |
| e_tx_clk                           | IBUF             | INPUT     | LVCMOS33             |       |          |      |              |          | 0 / 0    |
| e_tx_d(0)                          | IOB              | OUTPUT    | LVCMOS33             |       | 8        | SLOW |              |          | 0 / 0    |
| e_tx_d(1)                          | IOB              | OUTPUT    | LVCMOS33             |       | 8        | SLOW |              |          | 0 / 0    |
| e_tx_d(2)                          | IOB              | OUTPUT    | LVCMOS33             |       | 8        | SLOW |              |          | 0 / 0    |
| e_tx_d(3)                          | IOB              | OUTPUT    | LVCMOS33             |       | 8        | SLOW |              |          | 0 / 0    |
| e_tx_en                            | IOB              | OUTPUT    | LVCMOS33             |       | 8        | SLOW |              |          | 0 / 0    |
| e_tx_er                            | IOB              | OUTPUT    | LVCMOS33             |       | 8        | SLOW |              |          | 0 / 0    |
+---------------------------------------------------------------------------------------------------------------------------------------------------------+

Section 7 - RPMs
----------------

Section 8 - Guide Report
------------------------
Guide not run on this design.

Section 9 - Area Group and Partition Summary
--------------------------------------------

Partition Implementation Status
-------------------------------

  No Partitions were found in this design.

-------------------------------

Area Group Information
----------------------

  No area groups were found in this design.

----------------------

Section 10 - Timing Report
--------------------------
This design was not run using timing mode.

Section 11 - Configuration String Details
-----------------------------------------
Use the "-detail" map option to print out Configuration Strings

Section 12 - Control Set Information
------------------------------------
No control set information for this architecture.

Section 13 - Utilization by Hierarchy
-------------------------------------
Use the "-detail" map option to print out the Utilization by Hierarchy section.
